<?xml version="1.0" encoding="UTF-8"?>
<!-- Generated by org.testng.reporters.JUnitReportReporter -->
<testsuite hostname="DESKTOP-QACNPQ3" failures="0" tests="1" name="Loginvalid" time="7.364" errors="0" timestamp="2025-01-01T01:54:50 IST" skipped="0">
  <testcase classname="Loginvalid" name="Tc_Jobclck" time="7.364"/>
</testsuite> <!-- Loginvalid -->
